<?xml version="1.0" encoding="utf-8"?><testsuites name="pytest tests"><testsuite name="pytest" errors="0" failures="0" skipped="0" tests="13" time="6.130" timestamp="2026-04-17T22:12:15.455727+00:00" hostname="agent-env-55d7fed0-d975-45f3-8280-09d5de2de700"><testcase classname="tests.test_guardian_api.TestHealthCheck" name="test_health_endpoint" time="0.251" /><testcase classname="tests.test_guardian_api.TestCoachIA" name="test_coach_chat_basic" time="2.367" /><testcase classname="tests.test_guardian_api.TestCoachIA" name="test_coach_chat_with_context" time="1.709" /><testcase classname="tests.test_guardian_api.TestFamilyMode" name="test_create_family" time="0.110" /><testcase classname="tests.test_guardian_api.TestFamilyMode" name="test_join_family" time="0.234" /><testcase classname="tests.test_guardian_api.TestFamilyMode" name="test_join_invalid_code" time="0.170" /><testcase classname="tests.test_guardian_api.TestFamilyMode" name="test_get_family" time="0.265" /><testcase classname="tests.test_guardian_api.TestPDFExport" name="test_pdf_export_basic" time="0.154" /><testcase classname="tests.test_guardian_api.TestPDFExport" name="test_pdf_export_empty" time="0.151" /><testcase classname="tests.test_guardian_api.TestBudgetAlerts" name="test_budget_exceeded_alert" time="0.136" /><testcase classname="tests.test_guardian_api.TestBudgetAlerts" name="test_budget_warning_alert" time="0.129" /><testcase classname="tests.test_guardian_api.TestBudgetAlerts" name="test_no_alerts_under_budget" time="0.109" /><testcase classname="tests.test_guardian_api.TestBudgetAlerts" name="test_get_alerts" time="0.275" /></testsuite></testsuites>