<?xml version="1.0" encoding="utf-8"?><testsuites name="pytest tests"><testsuite name="pytest" errors="0" failures="0" skipped="0" tests="40" time="4.535" timestamp="2026-08-14T22:26:58.225704+00:00" hostname="agent-env-55d7fed0-d975-45f3-8280-09d5de2de700"><testcase classname="backend.tests.test_security_v3_9_0.TestAuthEnforcement" name="test_rejects_without_auth[POST-/api/coach/chat-body0]" time="0.008" /><testcase classname="backend.tests.test_security_v3_9_0.TestAuthEnforcement" name="test_rejects_without_auth[POST-/api/scanner/ocr-body1]" time="0.002" /><testcase classname="backend.tests.test_security_v3_9_0.TestAuthEnforcement" name="test_rejects_without_auth[POST-/api/email/parse-body2]" time="0.002" /><testcase classname="backend.tests.test_security_v3_9_0.TestAuthEnforcement" name="test_rejects_without_auth[POST-/api/optimizer/analyze-body3]" time="0.002" /><testcase classname="backend.tests.test_security_v3_9_0.TestAuthEnforcement" name="test_rejects_without_auth[POST-/api/voice/parse-body4]" time="0.002" /><testcase classname="backend.tests.test_security_v3_9_0.TestAuthEnforcement" name="test_rejects_without_auth[POST-/api/iap/validate-body5]" time="0.002" /><testcase classname="backend.tests.test_security_v3_9_0.TestAuthEnforcement" name="test_rejects_without_auth[POST-/api/iap/restore-body6]" time="0.002" /><testcase classname="backend.tests.test_security_v3_9_0.TestAuthEnforcement" name="test_rejects_without_auth[GET-/api/iap/me-None]" time="0.002" /><testcase classname="backend.tests.test_security_v3_9_0.TestAuthEnforcement" name="test_accepts_with_valid_jwt[POST-/api/coach/chat-body0]" time="0.226" /><testcase classname="backend.tests.test_security_v3_9_0.TestAuthEnforcement" name="test_accepts_with_valid_jwt[POST-/api/scanner/ocr-body1]" time="0.003" /><testcase classname="backend.tests.test_security_v3_9_0.TestAuthEnforcement" name="test_accepts_with_valid_jwt[POST-/api/email/parse-body2]" time="0.059" /><testcase classname="backend.tests.test_security_v3_9_0.TestAuthEnforcement" name="test_accepts_with_valid_jwt[POST-/api/optimizer/analyze-body3]" time="0.056" /><testcase classname="backend.tests.test_security_v3_9_0.TestAuthEnforcement" name="test_accepts_with_valid_jwt[POST-/api/voice/parse-body4]" time="0.066" /><testcase classname="backend.tests.test_security_v3_9_0.TestAuthEnforcement" name="test_accepts_with_valid_jwt[POST-/api/iap/validate-body5]" time="0.456" /><testcase classname="backend.tests.test_security_v3_9_0.TestAuthEnforcement" name="test_accepts_with_valid_jwt[POST-/api/iap/restore-body6]" time="0.372" /><testcase classname="backend.tests.test_security_v3_9_0.TestAuthEnforcement" name="test_accepts_with_valid_jwt[GET-/api/iap/me-None]" time="0.003" /><testcase classname="backend.tests.test_security_v3_9_0.TestPublicEndpoints" name="test_health_root" time="0.002" /><testcase classname="backend.tests.test_security_v3_9_0.TestPublicEndpoints" name="test_api_health" time="0.001" /><testcase classname="backend.tests.test_security_v3_9_0.TestPublicEndpoints" name="test_config_status" time="0.001" /><testcase classname="backend.tests.test_security_v3_9_0.TestPublicEndpoints" name="test_iap_health" time="0.001" /><testcase classname="backend.tests.test_security_v3_9_0.TestPublicEndpoints" name="test_tax_simulate_public" time="0.002" /><testcase classname="backend.tests.test_security_v3_9_0.TestPublicEndpoints" name="test_lamal_subsidy_public" time="0.004" /><testcase classname="backend.tests.test_security_v3_9_0.TestJwtValidation" name="test_expired_token" time="0.002" /><testcase classname="backend.tests.test_security_v3_9_0.TestJwtValidation" name="test_invalid_signature" time="0.002" /><testcase classname="backend.tests.test_security_v3_9_0.TestJwtValidation" name="test_missing_sub" time="0.002" /><testcase classname="backend.tests.test_security_v3_9_0.TestJwtValidation" name="test_malformed_bearer" time="0.002" /><testcase classname="backend.tests.test_security_v3_9_0.TestJwtValidation" name="test_wrong_audience" time="0.002" /><testcase classname="backend.tests.test_security_v3_9_0.TestUserIdFromJwt" name="test_iap_validate_ignores_body_user_id" time="0.178" /><testcase classname="backend.tests.test_security_v3_9_0.TestUserIdFromJwt" name="test_iap_me_ignores_query_user_id" time="0.045" /><testcase classname="backend.tests.test_security_v3_9_0.TestIapWebhook" name="test_no_secret_query" time="0.002" /><testcase classname="backend.tests.test_security_v3_9_0.TestIapWebhook" name="test_wrong_secret" time="0.002" /><testcase classname="backend.tests.test_security_v3_9_0.TestIapWebhook" name="test_correct_secret_invalid_signature" time="0.031" /><testcase classname="backend.tests.test_security_v3_9_0.TestIapWebhook" name="test_empty_body_correct_secret" time="0.003" /><testcase classname="backend.tests.test_security_v3_9_0.TestExceptionLeak" name="test_malformed_json_no_leak" time="0.002" /><testcase classname="backend.tests.test_security_v3_9_0.TestExceptionLeak" name="test_wrong_content_type_no_leak" time="0.002" /><testcase classname="backend.tests.test_security_v3_9_0.TestRateLimiting" name="test_scanner_ocr_rate_limit" time="0.811" /><testcase classname="backend.tests.test_security_v3_9_0.TestRateLimiting" name="test_voice_parse_ok_under_limit" time="1.930" /><testcase classname="backend.tests.test_security_v3_9_0.TestRegressionSmoke" name="test_tax_simulate_regression" time="0.003" /><testcase classname="backend.tests.test_security_v3_9_0.TestRegressionSmoke" name="test_lamal_subsidy_regression" time="0.002" /><testcase classname="backend.tests.test_security_v3_9_0.TestRegressionSmoke" name="test_config_status_shape" time="0.002" /></testsuite></testsuites>