<?xml version="1.0" encoding="utf-8"?><testsuites name="pytest tests"><testsuite name="pytest" errors="0" failures="0" skipped="0" tests="23" time="1.606" timestamp="2026-08-14T23:15:08.647681+00:00" hostname="agent-env-55d7fed0-d975-45f3-8280-09d5de2de700"><testcase classname="backend.tests.test_v390_jwks_negcache_fix.TestJWKSNegCacheFix" name="test_10_rapid_same_kid_at_most_one_refresh" time="0.787" /><testcase classname="backend.tests.test_v390_jwks_negcache_fix.TestJWKSNegCacheFix" name="test_50_rapid_same_kid_still_at_most_one_refresh" time="0.375" /><testcase classname="backend.tests.test_v390_jwks_negcache_fix.TestJWKSNegCacheFix" name="test_5_different_unknown_kids_at_most_one_refresh" time="0.310" /><testcase classname="backend.tests.test_v390_jwks_negcache_fix.TestFixCodeStructure" name="test_verify_asymmetric_no_force_refresh_retry" time="0.000" /><testcase classname="backend.tests.test_v390_jwks_negcache_fix.TestFixCodeStructure" name="test_get_jwks_key_neg_cache_honored_before_refresh" time="0.000" /><testcase classname="backend.tests.test_v390_jwks_negcache_fix.TestAuthRegression" name="test_valid_hs256_200" time="0.003" /><testcase classname="backend.tests.test_v390_jwks_negcache_fix.TestAuthRegression" name="test_missing_token_401" time="0.002" /><testcase classname="backend.tests.test_v390_jwks_negcache_fix.TestAuthRegression" name="test_tampered_hs256_401_invalid_signature" time="0.002" /><testcase classname="backend.tests.test_v390_jwks_negcache_fix.TestAuthRegression" name="test_alg_none_401" time="0.002" /><testcase classname="backend.tests.test_v390_jwks_negcache_fix" name="test_iap_ownership_sentinels_present" time="0.001" /><testcase classname="backend.tests.test_v390_jwks_negcache_fix" name="test_health_ok_v390" time="0.002" /><testcase classname="backend.tests.test_v390_jwks_negcache_fix" name="test_webhook_no_secret_fake_jws_401" time="0.003" /><testcase classname="backend.tests.test_v390_jwks_negcache_fix" name="test_protected_endpoint_missing_token_401[POST-/api/coach/chat]" time="0.002" /><testcase classname="backend.tests.test_v390_jwks_negcache_fix" name="test_protected_endpoint_missing_token_401[POST-/api/voice/parse]" time="0.003" /><testcase classname="backend.tests.test_v390_jwks_negcache_fix" name="test_protected_endpoint_missing_token_401[POST-/api/scanner/ocr]" time="0.002" /><testcase classname="backend.tests.test_v390_jwks_negcache_fix" name="test_protected_endpoint_missing_token_401[POST-/api/email/parse]" time="0.002" /><testcase classname="backend.tests.test_v390_jwks_negcache_fix" name="test_protected_endpoint_missing_token_401[POST-/api/optimizer/analyze]" time="0.002" /><testcase classname="backend.tests.test_v390_jwks_negcache_fix" name="test_protected_endpoint_missing_token_401[POST-/api/export/pdf]" time="0.002" /><testcase classname="backend.tests.test_v390_jwks_negcache_fix" name="test_protected_endpoint_missing_token_401[POST-/api/family/create]" time="0.002" /><testcase classname="backend.tests.test_v390_jwks_negcache_fix" name="test_protected_endpoint_missing_token_401[GET-/api/alerts/some-id-1234]" time="0.002" /><testcase classname="backend.tests.test_v390_jwks_negcache_fix" name="test_protected_endpoint_missing_token_401[POST-/api/iap/validate]" time="0.002" /><testcase classname="backend.tests.test_v390_jwks_negcache_fix" name="test_protected_endpoint_missing_token_401[POST-/api/iap/restore]" time="0.002" /><testcase classname="backend.tests.test_v390_jwks_negcache_fix" name="test_protected_endpoint_missing_token_401[GET-/api/iap/me]" time="0.002" /></testsuite></testsuites>