<?xml version="1.0" encoding="utf-8"?><testsuites name="pytest tests"><testsuite name="pytest" errors="0" failures="0" skipped="1" tests="145" time="10.348" timestamp="2026-08-26T19:01:16.966506+00:00" hostname="agent-env-55d7fed0-d975-45f3-8280-09d5de2de700"><testcase classname="" name="tests.test_guardian_api" time="0.000"><skipped message="collection skipped">('/app/backend/tests/test_guardian_api.py', 14, 'Skipped: EXPO_PUBLIC_BACKEND_URL not configured')</skipped></testcase><testcase classname="tests.test_security_v3_9_0.TestAuthEnforcement" name="test_rejects_without_auth[POST-/api/coach/chat-body0]" time="0.004" /><testcase classname="tests.test_security_v3_9_0.TestAuthEnforcement" name="test_rejects_without_auth[POST-/api/scanner/ocr-body1]" time="0.002" /><testcase classname="tests.test_security_v3_9_0.TestAuthEnforcement" name="test_rejects_without_auth[POST-/api/email/parse-body2]" time="0.002" /><testcase classname="tests.test_security_v3_9_0.TestAuthEnforcement" name="test_rejects_without_auth[POST-/api/optimizer/analyze-body3]" time="0.002" /><testcase classname="tests.test_security_v3_9_0.TestAuthEnforcement" name="test_rejects_without_auth[POST-/api/voice/parse-body4]" time="0.002" /><testcase classname="tests.test_security_v3_9_0.TestAuthEnforcement" name="test_rejects_without_auth[POST-/api/iap/validate-body5]" time="0.002" /><testcase classname="tests.test_security_v3_9_0.TestAuthEnforcement" name="test_rejects_without_auth[POST-/api/iap/restore-body6]" time="0.002" /><testcase classname="tests.test_security_v3_9_0.TestAuthEnforcement" name="test_rejects_without_auth[GET-/api/iap/me-None]" time="0.002" /><testcase classname="tests.test_security_v3_9_0.TestAuthEnforcement" name="test_accepts_with_valid_jwt[POST-/api/coach/chat-body0]" time="0.366" /><testcase classname="tests.test_security_v3_9_0.TestAuthEnforcement" name="test_accepts_with_valid_jwt[POST-/api/scanner/ocr-body1]" time="0.003" /><testcase classname="tests.test_security_v3_9_0.TestAuthEnforcement" name="test_accepts_with_valid_jwt[POST-/api/email/parse-body2]" time="0.127" /><testcase classname="tests.test_security_v3_9_0.TestAuthEnforcement" name="test_accepts_with_valid_jwt[POST-/api/optimizer/analyze-body3]" time="0.122" /><testcase classname="tests.test_security_v3_9_0.TestAuthEnforcement" name="test_accepts_with_valid_jwt[POST-/api/voice/parse-body4]" time="0.137" /><testcase classname="tests.test_security_v3_9_0.TestAuthEnforcement" name="test_accepts_with_valid_jwt[POST-/api/iap/validate-body5]" time="0.526" /><testcase classname="tests.test_security_v3_9_0.TestAuthEnforcement" name="test_accepts_with_valid_jwt[POST-/api/iap/restore-body6]" time="0.397" /><testcase classname="tests.test_security_v3_9_0.TestAuthEnforcement" name="test_accepts_with_valid_jwt[GET-/api/iap/me-None]" time="0.003" /><testcase classname="tests.test_security_v3_9_0.TestPublicEndpoints" name="test_health_root" time="0.002" /><testcase classname="tests.test_security_v3_9_0.TestPublicEndpoints" name="test_api_health" time="0.002" /><testcase classname="tests.test_security_v3_9_0.TestPublicEndpoints" name="test_config_status" time="0.002" /><testcase classname="tests.test_security_v3_9_0.TestPublicEndpoints" name="test_iap_health" time="0.001" /><testcase classname="tests.test_security_v3_9_0.TestPublicEndpoints" name="test_tax_simulate_public" time="0.002" /><testcase classname="tests.test_security_v3_9_0.TestPublicEndpoints" name="test_lamal_subsidy_public" time="0.005" /><testcase classname="tests.test_security_v3_9_0.TestJwtValidation" name="test_expired_token" time="0.002" /><testcase classname="tests.test_security_v3_9_0.TestJwtValidation" name="test_invalid_signature" time="0.002" /><testcase classname="tests.test_security_v3_9_0.TestJwtValidation" name="test_missing_sub" time="0.002" /><testcase classname="tests.test_security_v3_9_0.TestJwtValidation" name="test_malformed_bearer" time="0.002" /><testcase classname="tests.test_security_v3_9_0.TestJwtValidation" name="test_wrong_audience" time="0.002" /><testcase classname="tests.test_security_v3_9_0.TestUserIdFromJwt" name="test_iap_validate_ignores_body_user_id" time="0.188" /><testcase classname="tests.test_security_v3_9_0.TestUserIdFromJwt" name="test_iap_me_ignores_query_user_id" time="0.044" /><testcase classname="tests.test_security_v3_9_0.TestIapWebhook" name="test_no_secret_query" time="0.003" /><testcase classname="tests.test_security_v3_9_0.TestIapWebhook" name="test_wrong_secret" time="0.002" /><testcase classname="tests.test_security_v3_9_0.TestIapWebhook" name="test_correct_secret_invalid_signature" time="0.002" /><testcase classname="tests.test_security_v3_9_0.TestIapWebhook" name="test_empty_body_correct_secret" time="0.002" /><testcase classname="tests.test_security_v3_9_0.TestExceptionLeak" name="test_malformed_json_no_leak" time="0.002" /><testcase classname="tests.test_security_v3_9_0.TestExceptionLeak" name="test_wrong_content_type_no_leak" time="0.002" /><testcase classname="tests.test_security_v3_9_0.TestRateLimiting" name="test_scanner_ocr_rate_limit" time="0.818" /><testcase classname="tests.test_security_v3_9_0.TestRateLimiting" name="test_voice_parse_ok_under_limit" time="3.700" /><testcase classname="tests.test_security_v3_9_0.TestRegressionSmoke" name="test_tax_simulate_regression" time="0.003" /><testcase classname="tests.test_security_v3_9_0.TestRegressionSmoke" name="test_lamal_subsidy_regression" time="0.002" /><testcase classname="tests.test_security_v3_9_0.TestRegressionSmoke" name="test_config_status_shape" time="0.002" /><testcase classname="tests.test_v390_jwks_negcache_fix.TestJWKSNegCacheFix" name="test_10_rapid_same_kid_at_most_one_refresh" time="0.314" /><testcase classname="tests.test_v390_jwks_negcache_fix.TestJWKSNegCacheFix" name="test_50_rapid_same_kid_still_at_most_one_refresh" time="0.365" /><testcase classname="tests.test_v390_jwks_negcache_fix.TestJWKSNegCacheFix" name="test_5_different_unknown_kids_at_most_one_refresh" time="0.309" /><testcase classname="tests.test_v390_jwks_negcache_fix.TestFixCodeStructure" name="test_verify_asymmetric_no_force_refresh_retry" time="0.000" /><testcase classname="tests.test_v390_jwks_negcache_fix.TestFixCodeStructure" name="test_get_jwks_key_neg_cache_honored_before_refresh" time="0.000" /><testcase classname="tests.test_v390_jwks_negcache_fix.TestAuthRegression" name="test_valid_hs256_200" time="0.003" /><testcase classname="tests.test_v390_jwks_negcache_fix.TestAuthRegression" name="test_missing_token_401" time="0.002" /><testcase classname="tests.test_v390_jwks_negcache_fix.TestAuthRegression" name="test_tampered_hs256_401_invalid_signature" time="0.002" /><testcase classname="tests.test_v390_jwks_negcache_fix.TestAuthRegression" name="test_alg_none_401" time="0.002" /><testcase classname="tests.test_v390_jwks_negcache_fix" name="test_iap_ownership_sentinels_present" time="0.000" /><testcase classname="tests.test_v390_jwks_negcache_fix" name="test_health_ok_v390" time="0.002" /><testcase classname="tests.test_v390_jwks_negcache_fix" name="test_webhook_no_secret_fake_jws_401" time="0.002" /><testcase classname="tests.test_v390_jwks_negcache_fix" name="test_protected_endpoint_missing_token_401[POST-/api/coach/chat]" time="0.002" /><testcase classname="tests.test_v390_jwks_negcache_fix" name="test_protected_endpoint_missing_token_401[POST-/api/voice/parse]" time="0.002" /><testcase classname="tests.test_v390_jwks_negcache_fix" name="test_protected_endpoint_missing_token_401[POST-/api/scanner/ocr]" time="0.002" /><testcase classname="tests.test_v390_jwks_negcache_fix" name="test_protected_endpoint_missing_token_401[POST-/api/email/parse]" time="0.002" /><testcase classname="tests.test_v390_jwks_negcache_fix" name="test_protected_endpoint_missing_token_401[POST-/api/optimizer/analyze]" time="0.002" /><testcase classname="tests.test_v390_jwks_negcache_fix" name="test_protected_endpoint_missing_token_401[POST-/api/export/pdf]" time="0.002" /><testcase classname="tests.test_v390_jwks_negcache_fix" name="test_protected_endpoint_missing_token_401[POST-/api/family/create]" time="0.002" /><testcase classname="tests.test_v390_jwks_negcache_fix" name="test_protected_endpoint_missing_token_401[GET-/api/alerts/some-id-1234]" time="0.002" /><testcase classname="tests.test_v390_jwks_negcache_fix" name="test_protected_endpoint_missing_token_401[POST-/api/iap/validate]" time="0.002" /><testcase classname="tests.test_v390_jwks_negcache_fix" name="test_protected_endpoint_missing_token_401[POST-/api/iap/restore]" time="0.002" /><testcase classname="tests.test_v390_jwks_negcache_fix" name="test_protected_endpoint_missing_token_401[GET-/api/iap/me]" time="0.002" /><testcase classname="tests.test_v390_locale_endpoints" name="test_coach_chat_locale_directive_in_prompt[fr-R\xe9ponds ENTI\xc8REMENT en fran\xe7ais]" time="1.534" /><testcase classname="tests.test_v390_locale_endpoints" name="test_coach_chat_locale_directive_in_prompt[en-Respond ENTIRELY in English]" time="0.003" /><testcase classname="tests.test_v390_locale_endpoints" name="test_coach_chat_locale_directive_in_prompt[de-Antworte VOLLST\xc4NDIG auf Deutsch]" time="0.003" /><testcase classname="tests.test_v390_locale_endpoints" name="test_coach_chat_locale_directive_in_prompt[it-Rispondi INTERAMENTE in italiano]" time="0.003" /><testcase classname="tests.test_v390_locale_endpoints" name="test_coach_chat_locale_defaults_to_fr_when_missing" time="0.003" /><testcase classname="tests.test_v390_locale_endpoints" name="test_coach_chat_session_namespaced_by_locale" time="0.005" /><testcase classname="tests.test_v390_locale_endpoints" name="test_email_parse_preserves_verbatim_data" time="0.003" /><testcase classname="tests.test_v390_locale_endpoints" name="test_email_parse_accepts_all_locales[fr]" time="0.003" /><testcase classname="tests.test_v390_locale_endpoints" name="test_email_parse_accepts_all_locales[en]" time="0.002" /><testcase classname="tests.test_v390_locale_endpoints" name="test_email_parse_accepts_all_locales[de]" time="0.003" /><testcase classname="tests.test_v390_locale_endpoints" name="test_email_parse_accepts_all_locales[it]" time="0.003" /><testcase classname="tests.test_v390_locale_endpoints" name="test_email_parse_error_returns_stable_code" time="0.004" /><testcase classname="tests.test_v390_locale_endpoints" name="test_scanner_ocr_preserves_merchant_verbatim" time="0.003" /><testcase classname="tests.test_v390_locale_endpoints" name="test_scanner_ocr_accepts_all_locales[fr]" time="0.003" /><testcase classname="tests.test_v390_locale_endpoints" name="test_scanner_ocr_accepts_all_locales[en]" time="0.003" /><testcase classname="tests.test_v390_locale_endpoints" name="test_scanner_ocr_accepts_all_locales[de]" time="0.003" /><testcase classname="tests.test_v390_locale_endpoints" name="test_scanner_ocr_accepts_all_locales[it]" time="0.002" /><testcase classname="tests.test_v390_locale_endpoints" name="test_scanner_ocr_error_returns_stable_code" time="0.003" /><testcase classname="tests.test_v390_p3_hardening.TestSupabaseAdminColumnFix" name="test_fetch_uses_apple_original_transaction_id" time="0.001" /><testcase classname="tests.test_v390_p3_hardening.TestSupabaseAdminColumnFix" name="test_fail_closed_returns_error_sentinel" time="0.000" /><testcase classname="tests.test_v390_p3_hardening.TestSQLMigrationAdditive" name="test_unique_index_on_apple_original_transaction_id" time="0.000" /><testcase classname="tests.test_v390_p3_hardening.TestSQLMigrationAdditive" name="test_no_create_table_user_subscriptions" time="0.000" /><testcase classname="tests.test_v390_p3_hardening.TestServerFailClosed" name="test_ownership_check_failed_present" time="0.000" /><testcase classname="tests.test_v390_p3_hardening.TestServerFailClosed" name="test_error_sentinel_handled" time="0.000" /><testcase classname="tests.test_v390_p3_hardening" name="test_protected_requires_auth[POST-/api/coach/chat-body0]" time="0.003" /><testcase classname="tests.test_v390_p3_hardening" name="test_protected_requires_auth[POST-/api/scanner/ocr-body1]" time="0.002" /><testcase classname="tests.test_v390_p3_hardening" name="test_protected_requires_auth[POST-/api/email/parse-body2]" time="0.002" /><testcase classname="tests.test_v390_p3_hardening" name="test_protected_requires_auth[POST-/api/optimizer/analyze-body3]" time="0.002" /><testcase classname="tests.test_v390_p3_hardening" name="test_protected_requires_auth[POST-/api/voice/parse-body4]" time="0.002" /><testcase classname="tests.test_v390_p3_hardening" name="test_protected_requires_auth[POST-/api/iap/validate-body5]" time="0.002" /><testcase classname="tests.test_v390_p3_hardening" name="test_protected_requires_auth[POST-/api/iap/restore-body6]" time="0.002" /><testcase classname="tests.test_v390_p3_hardening" name="test_protected_requires_auth[GET-/api/iap/me-None]" time="0.002" /><testcase classname="tests.test_v390_p3_hardening" name="test_protected_requires_auth[GET-/api/family/groups-None]" time="0.002" /><testcase classname="tests.test_v390_p3_hardening" name="test_protected_requires_auth[GET-/api/alerts/11111111-1111-1111-1111-111111111111-None]" time="0.002" /><testcase classname="tests.test_v390_p3_hardening" name="test_protected_requires_auth[POST-/api/export/pdf-body10]" time="0.002" /><testcase classname="tests.test_v390_p3_hardening.TestJWTValidation" name="test_valid_hs256_accepted" time="0.002" /><testcase classname="tests.test_v390_p3_hardening.TestJWTValidation" name="test_tampered_signature_rejected" time="0.002" /><testcase classname="tests.test_v390_p3_hardening.TestJWTValidation" name="test_expired_token_rejected" time="0.002" /><testcase classname="tests.test_v390_p3_hardening.TestJWTValidation" name="test_alg_none_rejected" time="0.002" /><testcase classname="tests.test_v390_p3_hardening.TestJWKSNegativeCache" name="test_neg_cache_code_structure_present" time="0.000" /><testcase classname="tests.test_v390_p3_hardening.TestJWKSNegativeCache" name="test_neg_cache_empirically_short_circuits" time="0.014" /><testcase classname="tests.test_v390_p3_hardening.TestAppEnvDefaults" name="test_server_default_production" time="0.000" /><testcase classname="tests.test_v390_p3_hardening.TestAppEnvDefaults" name="test_apple_iap_default_production" time="0.000" /><testcase classname="tests.test_v390_p3_hardening" name="test_backend_health" time="0.002" /><testcase classname="tests.test_v390_p3_hardening" name="test_webhook_no_secret_fake_jws_401" time="0.002" /><testcase classname="tests.test_v390_p3_hardening" name="test_webhook_empty_body_400" time="0.002" /><testcase classname="tests.test_v390_p3_hardening" name="test_malformed_json_no_leak" time="0.002" /><testcase classname="tests.test_v390_p3_hardening" name="test_requirements_no_python_jose_no_ecdsa" time="0.000" /><testcase classname="tests.test_v390_security.TestJWT" name="test_valid_hs256_ok" time="0.002" /><testcase classname="tests.test_v390_security.TestJWT" name="test_expired_hs256" time="0.002" /><testcase classname="tests.test_v390_security.TestJWT" name="test_tampered_signature" time="0.002" /><testcase classname="tests.test_v390_security.TestJWT" name="test_alg_none_forged" time="0.002" /><testcase classname="tests.test_v390_security.TestJWT" name="test_missing_token" time="0.002" /><testcase classname="tests.test_v390_security.TestJWT" name="test_wrong_secret" time="0.002" /><testcase classname="tests.test_v390_security.TestJWT" name="test_wrong_audience" time="0.002" /><testcase classname="tests.test_v390_security.TestJWT" name="test_missing_sub" time="0.002" /><testcase classname="tests.test_v390_security.TestJWT" name="test_rs256_unknown_kid" time="0.002" /><testcase classname="tests.test_v390_security.TestIAPAuth" name="test_validate_requires_auth" time="0.002" /><testcase classname="tests.test_v390_security.TestIAPAuth" name="test_restore_requires_auth" time="0.002" /><testcase classname="tests.test_v390_security.TestIAPAuth" name="test_me_requires_auth" time="0.002" /><testcase classname="tests.test_v390_security.TestIAPAuth" name="test_me_ignores_body_user_id" time="0.002" /><testcase classname="tests.test_v390_security.TestIAPAuth" name="test_validate_ownership_pathway" time="0.233" /><testcase classname="tests.test_v390_security.TestWebhook" name="test_direct_apple_post_no_secret_fake_jws" time="0.002" /><testcase classname="tests.test_v390_security.TestWebhook" name="test_bad_secret" time="0.002" /><testcase classname="tests.test_v390_security.TestWebhook" name="test_empty_body" time="0.002" /><testcase classname="tests.test_v390_security.TestWebhook" name="test_empty_signed_payload" time="0.003" /><testcase classname="tests.test_v390_security.TestWebhook" name="test_alg_none_outer" time="0.002" /><testcase classname="tests.test_v390_security.TestAIEndpointsAuth" name="test_no_token" time="0.008" /><testcase classname="tests.test_v390_security.TestAIEndpointsAuth" name="test_with_token" time="0.099" /><testcase classname="tests.test_v390_security.TestRateLimit" name="test_voice_5_ok" time="0.445" /><testcase classname="tests.test_v390_security.TestRateLimit" name="test_ocr_30_hits_429" time="0.003" /><testcase classname="tests.test_v390_security.TestOwnership" name="test_alerts_forbidden_other_user" time="0.002" /><testcase classname="tests.test_v390_security.TestOwnership" name="test_alerts_own_ok" time="0.002" /><testcase classname="tests.test_v390_security.TestOwnership" name="test_family_create_requires_auth" time="0.002" /><testcase classname="tests.test_v390_security.TestExceptionLeak" name="test_malformed_json" time="0.001" /><testcase classname="tests.test_v390_security.TestPublic" name="test_health" time="0.001" /><testcase classname="tests.test_v390_security.TestPublic" name="test_api_health" time="0.002" /><testcase classname="tests.test_v390_security.TestPublic" name="test_config_status_no_secrets" time="0.001" /><testcase classname="tests.test_v390_security.TestPublic" name="test_iap_health" time="0.001" /><testcase classname="tests.test_v390_security.TestPublic" name="test_tax_simulate" time="0.002" /><testcase classname="tests.test_v390_security.TestPublic" name="test_lamal_subsidy" time="0.002" /></testsuite></testsuites>