<?xml version="1.0" encoding="utf-8"?><testsuites name="pytest tests"><testsuite name="pytest" errors="0" failures="1" skipped="0" tests="30" time="4.986" timestamp="2026-08-14T23:10:25.460106+00:00" hostname="agent-env-55d7fed0-d975-45f3-8280-09d5de2de700"><testcase classname="backend.tests.test_v390_p3_hardening.TestSupabaseAdminColumnFix" name="test_fetch_uses_apple_original_transaction_id" time="0.001" /><testcase classname="backend.tests.test_v390_p3_hardening.TestSupabaseAdminColumnFix" name="test_fail_closed_returns_error_sentinel" time="0.000" /><testcase classname="backend.tests.test_v390_p3_hardening.TestSQLMigrationAdditive" name="test_unique_index_on_apple_original_transaction_id" time="0.000" /><testcase classname="backend.tests.test_v390_p3_hardening.TestSQLMigrationAdditive" name="test_no_create_table_user_subscriptions" time="0.000" /><testcase classname="backend.tests.test_v390_p3_hardening.TestServerFailClosed" name="test_ownership_check_failed_present" time="0.000" /><testcase classname="backend.tests.test_v390_p3_hardening.TestServerFailClosed" name="test_error_sentinel_handled" time="0.000" /><testcase classname="backend.tests.test_v390_p3_hardening" name="test_protected_requires_auth[POST-/api/coach/chat-body0]" time="0.007" /><testcase classname="backend.tests.test_v390_p3_hardening" name="test_protected_requires_auth[POST-/api/scanner/ocr-body1]" time="0.002" /><testcase classname="backend.tests.test_v390_p3_hardening" name="test_protected_requires_auth[POST-/api/email/parse-body2]" time="0.002" /><testcase classname="backend.tests.test_v390_p3_hardening" name="test_protected_requires_auth[POST-/api/optimizer/analyze-body3]" time="0.002" /><testcase classname="backend.tests.test_v390_p3_hardening" name="test_protected_requires_auth[POST-/api/voice/parse-body4]" time="0.002" /><testcase classname="backend.tests.test_v390_p3_hardening" name="test_protected_requires_auth[POST-/api/iap/validate-body5]" time="0.002" /><testcase classname="backend.tests.test_v390_p3_hardening" name="test_protected_requires_auth[POST-/api/iap/restore-body6]" time="0.002" /><testcase classname="backend.tests.test_v390_p3_hardening" name="test_protected_requires_auth[GET-/api/iap/me-None]" time="0.002" /><testcase classname="backend.tests.test_v390_p3_hardening" name="test_protected_requires_auth[GET-/api/family/groups-None]" time="0.002" /><testcase classname="backend.tests.test_v390_p3_hardening" name="test_protected_requires_auth[GET-/api/alerts/11111111-1111-1111-1111-111111111111-None]" time="0.003" /><testcase classname="backend.tests.test_v390_p3_hardening" name="test_protected_requires_auth[POST-/api/export/pdf-body10]" time="0.002" /><testcase classname="backend.tests.test_v390_p3_hardening.TestJWTValidation" name="test_valid_hs256_accepted" time="0.002" /><testcase classname="backend.tests.test_v390_p3_hardening.TestJWTValidation" name="test_tampered_signature_rejected" time="0.002" /><testcase classname="backend.tests.test_v390_p3_hardening.TestJWTValidation" name="test_expired_token_rejected" time="0.002" /><testcase classname="backend.tests.test_v390_p3_hardening.TestJWTValidation" name="test_alg_none_rejected" time="0.002" /><testcase classname="backend.tests.test_v390_p3_hardening.TestJWKSNegativeCache" name="test_neg_cache_code_structure_present" time="0.000" /><testcase classname="backend.tests.test_v390_p3_hardening.TestJWKSNegativeCache" name="test_neg_cache_empirically_short_circuits" time="4.815"><failure message="AssertionError: JWKS refresh triggered 11 times for 10 requests with same unknown kid — anti-amplification hardening DEFEATED (likely by force_refresh=True retry in _verify_asymmetric bypassing the negative cache).&#10;assert 11 &lt;= 1">backend/tests/test_v390_p3_hardening.py:255: in test_neg_cache_empirically_short_circuits
    assert refresh_count &lt;= 1, (
E   AssertionError: JWKS refresh triggered 11 times for 10 requests with same unknown kid — anti-amplification hardening DEFEATED (likely by force_refresh=True retry in _verify_asymmetric bypassing the negative cache).
E   assert 11 &lt;= 1</failure></testcase><testcase classname="backend.tests.test_v390_p3_hardening.TestAppEnvDefaults" name="test_server_default_production" time="0.000" /><testcase classname="backend.tests.test_v390_p3_hardening.TestAppEnvDefaults" name="test_apple_iap_default_production" time="0.000" /><testcase classname="backend.tests.test_v390_p3_hardening" name="test_backend_health" time="0.002" /><testcase classname="backend.tests.test_v390_p3_hardening" name="test_webhook_no_secret_fake_jws_401" time="0.002" /><testcase classname="backend.tests.test_v390_p3_hardening" name="test_webhook_empty_body_400" time="0.004" /><testcase classname="backend.tests.test_v390_p3_hardening" name="test_malformed_json_no_leak" time="0.002" /><testcase classname="backend.tests.test_v390_p3_hardening" name="test_requirements_no_python_jose_no_ecdsa" time="0.000" /></testsuite></testsuites>