<?xml version="1.0" encoding="utf-8"?><testsuites name="pytest tests"><testsuite name="pytest" errors="0" failures="0" skipped="0" tests="33" time="3.324" timestamp="2026-08-14T22:55:13.800402+00:00" hostname="agent-env-55d7fed0-d975-45f3-8280-09d5de2de700"><testcase classname="backend.tests.test_v390_security.TestJWT" name="test_valid_hs256_ok" time="0.008" /><testcase classname="backend.tests.test_v390_security.TestJWT" name="test_expired_hs256" time="0.003" /><testcase classname="backend.tests.test_v390_security.TestJWT" name="test_tampered_signature" time="0.002" /><testcase classname="backend.tests.test_v390_security.TestJWT" name="test_alg_none_forged" time="0.002" /><testcase classname="backend.tests.test_v390_security.TestJWT" name="test_missing_token" time="0.002" /><testcase classname="backend.tests.test_v390_security.TestJWT" name="test_wrong_secret" time="0.002" /><testcase classname="backend.tests.test_v390_security.TestJWT" name="test_wrong_audience" time="0.002" /><testcase classname="backend.tests.test_v390_security.TestJWT" name="test_missing_sub" time="0.002" /><testcase classname="backend.tests.test_v390_security.TestJWT" name="test_rs256_unknown_kid" time="1.034" /><testcase classname="backend.tests.test_v390_security.TestIAPAuth" name="test_validate_requires_auth" time="0.002" /><testcase classname="backend.tests.test_v390_security.TestIAPAuth" name="test_restore_requires_auth" time="0.002" /><testcase classname="backend.tests.test_v390_security.TestIAPAuth" name="test_me_requires_auth" time="0.002" /><testcase classname="backend.tests.test_v390_security.TestIAPAuth" name="test_me_ignores_body_user_id" time="0.002" /><testcase classname="backend.tests.test_v390_security.TestIAPAuth" name="test_validate_ownership_pathway" time="0.247" /><testcase classname="backend.tests.test_v390_security.TestWebhook" name="test_direct_apple_post_no_secret_fake_jws" time="0.003" /><testcase classname="backend.tests.test_v390_security.TestWebhook" name="test_bad_secret" time="0.002" /><testcase classname="backend.tests.test_v390_security.TestWebhook" name="test_empty_body" time="0.002" /><testcase classname="backend.tests.test_v390_security.TestWebhook" name="test_empty_signed_payload" time="0.002" /><testcase classname="backend.tests.test_v390_security.TestWebhook" name="test_alg_none_outer" time="0.002" /><testcase classname="backend.tests.test_v390_security.TestAIEndpointsAuth" name="test_no_token" time="0.009" /><testcase classname="backend.tests.test_v390_security.TestAIEndpointsAuth" name="test_with_token" time="0.240" /><testcase classname="backend.tests.test_v390_security.TestRateLimit" name="test_voice_5_ok" time="0.334" /><testcase classname="backend.tests.test_v390_security.TestRateLimit" name="test_ocr_30_hits_429" time="1.294" /><testcase classname="backend.tests.test_v390_security.TestOwnership" name="test_alerts_forbidden_other_user" time="0.002" /><testcase classname="backend.tests.test_v390_security.TestOwnership" name="test_alerts_own_ok" time="0.002" /><testcase classname="backend.tests.test_v390_security.TestOwnership" name="test_family_create_requires_auth" time="0.002" /><testcase classname="backend.tests.test_v390_security.TestExceptionLeak" name="test_malformed_json" time="0.002" /><testcase classname="backend.tests.test_v390_security.TestPublic" name="test_health" time="0.001" /><testcase classname="backend.tests.test_v390_security.TestPublic" name="test_api_health" time="0.002" /><testcase classname="backend.tests.test_v390_security.TestPublic" name="test_config_status_no_secrets" time="0.001" /><testcase classname="backend.tests.test_v390_security.TestPublic" name="test_iap_health" time="0.002" /><testcase classname="backend.tests.test_v390_security.TestPublic" name="test_tax_simulate" time="0.002" /><testcase classname="backend.tests.test_v390_security.TestPublic" name="test_lamal_subsidy" time="0.002" /></testsuite></testsuites>